[2025-06-22 11:25:17] [INFO]  qBittorrent Uploader v1.0.0 (alpha) 启动...
[2025-06-22 11:25:17] [INFO]  配置、日志、数据库模块均已成功初始化！
[2025-06-22 11:25:17] [WARNING] 程序当前没有实现任何功能，运行后会直接退出。
[2025-06-22 11:45:07] [INFO]  qBittorrent Uploader v1.0.0 (alpha) 启动...
[2025-06-22 11:45:08] [INFO]  正在尝试连接到 qBittorrent...
[2025-06-22 11:45:08] [ERROR] 无法连接到 qBittorrent: 登录 qBittorrent 失败: login error: error making post request: http://localhost:18080/api/v2/auth/login: Post "http://localhost:18080/api/v2/auth/login": net/http: HTTP/1.x transport connection broken: malformed HTTP response "\x15\x03\x03\x00\x02\x02\x16"
[2025-06-22 11:45:08] [ERROR] 请确保 qBittorrent 正在运行，Web UI 已开启，并且 config.ini 中的地址、用户名、密码正确。
[2025-06-22 11:47:02] [INFO]  qBittorrent Uploader v1.0.0 (alpha) 启动...
[2025-06-22 11:47:03] [INFO]  正在尝试连接到 qBittorrent...
[2025-06-22 11:47:03] [INFO]  成功连接到 qBittorrent！版本: v5.0.4.10
[2025-06-22 11:47:03] [INFO]  成功获取到种子列表！当前共有 28 个任务。
[2025-06-22 11:47:03] [INFO]  外部交互模块测试成功！
[2025-06-22 11:59:57] [INFO]  ===== 进入清理模式 =====
[2025-06-22 11:59:57] [INFO]  -> 正在执行数据库维护...
[2025-06-22 11:59:57] [INFO]  -> 正在连接 qBittorrent...
[2025-06-22 11:59:57] [INFO]  [OK] 成功连接到 qBittorrent！版本: v5.0.4.10
[2025-06-22 11:59:57] [INFO]  -> 数据获取完毕: 28 个 qB 任务, 0 条已上传记录。
[2025-06-22 11:59:57] [INFO]  -> 正在筛选满足条件的任务...
[2025-06-22 11:59:57] [INFO]  -> 没有需要处理的任务。
[2025-06-22 11:59:57] [INFO]  ===== 清理模式执行完毕 =====
[2025-06-22 12:00:03] [INFO]  ===== 进入清理模式 =====
[2025-06-22 12:00:03] [INFO]  -> 正在执行数据库维护...
[2025-06-22 12:00:03] [INFO]  -> 正在连接 qBittorrent...
[2025-06-22 12:00:03] [INFO]  [OK] 成功连接到 qBittorrent！版本: v5.0.4.10
[2025-06-22 12:00:03] [INFO]  -> 数据获取完毕: 28 个 qB 任务, 0 条已上传记录。
[2025-06-22 12:00:03] [INFO]  -> 正在筛选满足条件的任务...
[2025-06-22 12:00:03] [INFO]  -> 没有需要处理的任务。
[2025-06-22 12:00:03] [INFO]  ===== 清理模式执行完毕 =====
[2025-06-22 12:03:30] [INFO]  ===== 进入清理模式 =====
[2025-06-22 12:03:30] [INFO]  -> 正在执行数据库维护...
[2025-06-22 12:03:30] [INFO]  -> 正在连接 qBittorrent...
[2025-06-22 12:03:30] [INFO]  -> [OK] 登录成功。
[2025-06-22 12:03:30] [INFO]  -> 正在获取 qBittorrent 版本...
[2025-06-22 12:03:30] [INFO]  -> [OK] 获取版本成功: v5.0.4.10
[2025-06-22 12:03:30] [INFO]  -> 正在获取任务列表与上传记录...
[2025-06-22 12:03:30] [INFO]  -> [OK] 数据获取完毕: 28 个 qB 任务, 0 条已上传记录。
[2025-06-22 12:03:30] [INFO]  -> 正在筛选满足条件的任务...
[2025-06-22 12:03:30] [INFO]  -> 没有需要处理的任务。
[2025-06-22 12:03:30] [INFO]  ===== 清理模式执行完毕 =====
[2025-06-22 12:31:32] [INFO]  ===== [Cleanup Mode] 开始执行巡检 =====
[2025-06-22 12:31:32] [INFO]  -> 正在执行数据库维护...
[2025-06-22 12:32:08] [INFO]  ===== [Cleanup Mode] 开始执行巡检 =====
[2025-06-22 12:32:08] [INFO]  -> 正在执行数据库维护...
[2025-06-22 12:32:23] [INFO]  ===== [Cleanup Mode] 开始执行巡检 =====
[2025-06-22 12:32:23] [INFO]  -> 正在执行数据库维护...
[2025-06-22 12:33:32] [INFO]  ===== [Cleanup Mode] 开始执行巡检 =====
[2025-06-22 12:33:32] [INFO]  -> 正在执行数据库维护...
[2025-06-22 12:33:32] [INFO]  -> 正在连接 qBittorrent...
[2025-06-22 12:33:32] [INFO]  -> [OK] 登录成功。
[2025-06-22 12:33:32] [INFO]  -> 正在获取任务列表与上传记录...
[2025-06-22 12:33:32] [INFO]  -> [OK] 数据获取完毕: 28 个 qB 任务, 0 条已上传记录。
[2025-06-22 12:33:32] [INFO]  -> 正在筛选满足清理条件的任务...
[2025-06-22 12:33:32] [INFO]  -> 没有需要处理的任务。
[2025-06-22 12:33:32] [INFO]  ===== [Cleanup Mode] 巡检完毕 =====
[2025-06-22 12:36:06] [INFO]  ===== [Cleanup Mode] 开始执行巡检 =====
[2025-06-22 12:36:06] [INFO]  -> 正在执行数据库维护...
[2025-06-22 12:40:09] [INFO]  ===== [Cleanup Mode] 开始执行巡检 =====
[2025-06-22 12:40:09] [INFO]  -> 正在执行数据库维护...
[2025-06-22 12:40:09] [INFO]  -> 正在连接 qBittorrent...
[2025-06-22 12:40:10] [INFO]  -> [OK] 登录成功。
[2025-06-22 12:40:10] [INFO]  -> 正在获取任务列表与上传记录...
[2025-06-22 12:40:10] [INFO]  -> [OK] 数据获取完毕: 28 个 qB 任务, 0 条已上传记录。
[2025-06-22 12:40:10] [INFO]  -> 正在筛选满足清理条件的任务...
[2025-06-22 12:40:10] [INFO]  -> 没有需要处理的任务。
[2025-06-22 12:40:10] [INFO]  ===== [Cleanup Mode] 巡检完毕 =====
[2025-06-22 12:42:26] [INFO]  ===== [Cleanup Mode] 开始执行巡检 =====
[2025-06-22 12:42:26] [INFO]  -> 正在执行数据库维护...
[2025-06-22 12:42:26] [INFO]  -> 正在连接 qBittorrent...
[2025-06-22 12:42:27] [INFO]  -> [OK] 登录成功。
[2025-06-22 12:42:27] [INFO]  -> 正在获取任务列表与上传记录...
[2025-06-22 12:42:27] [INFO]  -> [OK] 数据获取完毕: 28 个 qB 任务, 0 条已上传记录。
[2025-06-22 12:42:27] [INFO]  -> 正在筛选满足清理条件的任务...
[2025-06-22 12:42:27] [INFO]  -> 没有需要处理的任务。
[2025-06-22 12:42:27] [INFO]  ===== [Cleanup Mode] 巡检完毕 =====
